{"name":"dadi-publish","hostname":"Eduardos-MBP.lan","pid":37092,"level":30,"module":"router","msg":"GET / 200 101ms","time":"2018-07-03T10:08:32.175Z","v":0}
{"name":"dadi-publish","hostname":"Eduardos-MBP.lan","pid":37092,"level":30,"module":"router","msg":"GET /public/main.css 200 17ms","time":"2018-07-03T10:08:32.204Z","v":0}
{"name":"dadi-publish","hostname":"Eduardos-MBP.lan","pid":37092,"level":30,"module":"router","msg":"GET /public/bundle.js 200 109ms","time":"2018-07-03T10:08:32.297Z","v":0}
{"name":"dadi-publish","hostname":"Eduardos-MBP.lan","pid":37092,"level":30,"module":"router","msg":"GET /config 200 2ms","time":"2018-07-03T10:08:32.930Z","v":0}
{"name":"dadi-publish","hostname":"Eduardos-MBP.lan","pid":37092,"level":30,"module":"router","msg":"GET /public/images/publish.png 200 2ms","time":"2018-07-03T10:08:32.953Z","v":0}
{"name":"dadi-publish","hostname":"Eduardos-MBP.lan","pid":37092,"level":30,"module":"router","msg":"GET /public/images/bg_3.svg 200 2ms","time":"2018-07-03T10:08:32.962Z","v":0}
{"name":"dadi-publish","hostname":"Eduardos-MBP.lan","pid":37092,"level":30,"module":"router","msg":"GET /public/fonts/karla-v5-latin-700.woff2 200 2ms","time":"2018-07-03T10:08:32.974Z","v":0}
{"name":"dadi-publish","hostname":"Eduardos-MBP.lan","pid":37092,"level":30,"module":"router","msg":"GET /public/fonts/karla-v5-latin-regular.woff2 200 2ms","time":"2018-07-03T10:08:32.977Z","v":0}
{"name":"dadi-publish","hostname":"Eduardos-MBP.lan","pid":37092,"level":30,"module":"router","msg":"POST /api 200 26ms","time":"2018-07-03T10:08:33.030Z","v":0}
{"name":"dadi-publish","hostname":"Eduardos-MBP.lan","pid":37092,"level":30,"module":"router","msg":"POST /api 200 11ms","time":"2018-07-03T10:08:33.215Z","v":0}
{"name":"dadi-publish","hostname":"Eduardos-MBP.lan","pid":37092,"level":30,"module":"router","msg":"GET /public/images/favicon.png 200 23ms","time":"2018-07-03T10:08:33.284Z","v":0}
{"name":"dadi-publish","hostname":"Eduardos-MBP.lan","pid":37092,"level":30,"module":"router","msg":"POST /api 200 57ms","time":"2018-07-03T10:08:33.308Z","v":0}
{"name":"dadi-publish","hostname":"Eduardos-MBP.lan","pid":37092,"level":30,"module":"router","msg":"HEAD / 200 1ms","time":"2018-07-03T10:08:35.005Z","v":0}
{"name":"dadi-publish","hostname":"Eduardos-MBP.lan","pid":37092,"level":30,"module":"router","msg":"GET /public/images/bg_2.svg 200 4ms","time":"2018-07-03T10:08:36.295Z","v":0}
{"name":"dadi-publish","hostname":"Eduardos-MBP.lan","pid":37092,"level":30,"module":"router","msg":"POST /api 200 32ms","time":"2018-07-03T10:08:36.318Z","v":0}
{"name":"dadi-publish","hostname":"Eduardos-MBP.lan","pid":37092,"level":30,"module":"router","msg":"HEAD / 200 0ms","time":"2018-07-03T10:08:37.006Z","v":0}
{"name":"dadi-publish","hostname":"Eduardos-MBP.lan","pid":37092,"level":30,"module":"router","msg":"HEAD / 200 1ms","time":"2018-07-03T10:08:39.004Z","v":0}
{"name":"dadi-publish","hostname":"Eduardos-MBP.lan","pid":37092,"level":30,"module":"router","msg":"HEAD / 200 0ms","time":"2018-07-03T10:08:41.004Z","v":0}
{"name":"dadi-publish","hostname":"Eduardos-MBP.lan","pid":37092,"level":30,"module":"router","msg":"HEAD / 200 0ms","time":"2018-07-03T10:08:43.005Z","v":0}
{"name":"dadi-publish","hostname":"Eduardos-MBP.lan","pid":37092,"level":30,"module":"router","msg":"HEAD / 200 2ms","time":"2018-07-03T10:08:45.017Z","v":0}
{"name":"dadi-publish","hostname":"Eduardos-MBP.lan","pid":37092,"level":30,"module":"router","msg":"HEAD / 200 0ms","time":"2018-07-03T10:08:47.004Z","v":0}
{"name":"dadi-publish","hostname":"Eduardos-MBP.lan","pid":37092,"level":30,"module":"router","msg":"HEAD / 200 0ms","time":"2018-07-03T10:08:49.006Z","v":0}
{"name":"dadi-publish","hostname":"Eduardos-MBP.lan","pid":37092,"level":30,"module":"router","msg":"HEAD / 200 0ms","time":"2018-07-03T10:08:51.007Z","v":0}
{"name":"dadi-publish","hostname":"Eduardos-MBP.lan","pid":37092,"level":30,"module":"router","msg":"HEAD / 200 0ms","time":"2018-07-03T10:08:53.007Z","v":0}
{"name":"dadi-publish","hostname":"Eduardos-MBP.lan","pid":37092,"level":30,"module":"router","msg":"HEAD / 200 1ms","time":"2018-07-03T10:08:55.007Z","v":0}
{"name":"dadi-publish","hostname":"Eduardos-MBP.lan","pid":37092,"level":30,"module":"router","msg":"HEAD / 200 0ms","time":"2018-07-03T10:08:57.005Z","v":0}
{"name":"dadi-publish","hostname":"Eduardos-MBP.lan","pid":37092,"level":30,"module":"router","msg":"HEAD / 200 1ms","time":"2018-07-03T10:08:59.013Z","v":0}
{"name":"dadi-publish","hostname":"Eduardos-MBP.lan","pid":37092,"level":30,"module":"router","msg":"HEAD / 200 0ms","time":"2018-07-03T10:09:01.012Z","v":0}
{"name":"dadi-publish","hostname":"Eduardos-MBP.lan","pid":37092,"level":30,"module":"router","msg":"HEAD / 200 0ms","time":"2018-07-03T10:09:03.014Z","v":0}
{"name":"dadi-publish","hostname":"Eduardos-MBP.lan","pid":37092,"level":30,"module":"router","msg":"HEAD / 200 1ms","time":"2018-07-03T10:09:05.012Z","v":0}
{"name":"dadi-publish","hostname":"Eduardos-MBP.lan","pid":37092,"level":30,"module":"router","msg":"HEAD / 200 1ms","time":"2018-07-03T10:09:07.012Z","v":0}
{"name":"dadi-publish","hostname":"Eduardos-MBP.lan","pid":37092,"level":30,"module":"router","msg":"HEAD / 200 1ms","time":"2018-07-03T10:09:09.014Z","v":0}
{"name":"dadi-publish","hostname":"Eduardos-MBP.lan","pid":37092,"level":30,"module":"router","msg":"HEAD / 200 1ms","time":"2018-07-03T10:09:11.008Z","v":0}
{"name":"dadi-publish","hostname":"Eduardos-MBP.lan","pid":37092,"level":30,"module":"router","msg":"HEAD / 200 0ms","time":"2018-07-03T10:09:13.004Z","v":0}
{"name":"dadi-publish","hostname":"Eduardos-MBP.lan","pid":37092,"level":30,"module":"router","msg":"HEAD / 200 0ms","time":"2018-07-03T10:09:15.007Z","v":0}
{"name":"dadi-publish","hostname":"Eduardos-MBP.lan","pid":37092,"level":30,"module":"router","msg":"HEAD / 200 0ms","time":"2018-07-03T10:09:17.002Z","v":0}
{"name":"dadi-publish","hostname":"Eduardos-MBP.lan","pid":37092,"level":30,"module":"router","msg":"HEAD / 200 0ms","time":"2018-07-03T10:09:19.003Z","v":0}
{"name":"dadi-publish","hostname":"Eduardos-MBP.lan","pid":37092,"level":30,"module":"router","msg":"HEAD / 200 1ms","time":"2018-07-03T10:09:21.009Z","v":0}
{"name":"dadi-publish","hostname":"Eduardos-MBP.lan","pid":37092,"level":30,"module":"router","msg":"HEAD / 200 0ms","time":"2018-07-03T10:09:23.003Z","v":0}
{"name":"dadi-publish","hostname":"Eduardos-MBP.lan","pid":37092,"level":30,"module":"router","msg":"HEAD / 200 0ms","time":"2018-07-03T10:09:25.004Z","v":0}
{"name":"dadi-publish","hostname":"Eduardos-MBP.lan","pid":37092,"level":30,"module":"router","msg":"HEAD / 200 0ms","time":"2018-07-03T10:09:27.036Z","v":0}
{"name":"dadi-publish","hostname":"Eduardos-MBP.lan","pid":37092,"level":30,"module":"router","msg":"HEAD / 200 2ms","time":"2018-07-03T10:09:29.039Z","v":0}
{"name":"dadi-publish","hostname":"Eduardos-MBP.lan","pid":37092,"level":30,"module":"router","msg":"HEAD / 200 0ms","time":"2018-07-03T10:09:31.035Z","v":0}
{"name":"dadi-publish","hostname":"Eduardos-MBP.lan","pid":37092,"level":30,"module":"router","msg":"HEAD / 200 1ms","time":"2018-07-03T10:09:33.036Z","v":0}
{"name":"dadi-publish","hostname":"Eduardos-MBP.lan","pid":37092,"level":30,"module":"router","msg":"HEAD / 200 0ms","time":"2018-07-03T10:09:35.032Z","v":0}
{"name":"dadi-publish","hostname":"Eduardos-MBP.lan","pid":37092,"level":30,"module":"router","msg":"HEAD / 200 0ms","time":"2018-07-03T10:09:37.034Z","v":0}
{"name":"dadi-publish","hostname":"Eduardos-MBP.lan","pid":37092,"level":30,"module":"router","msg":"HEAD / 200 1ms","time":"2018-07-03T10:09:39.033Z","v":0}
{"name":"dadi-publish","hostname":"Eduardos-MBP.lan","pid":37092,"level":30,"module":"router","msg":"HEAD / 200 0ms","time":"2018-07-03T10:09:41.033Z","v":0}
{"name":"dadi-publish","hostname":"Eduardos-MBP.lan","pid":37092,"level":30,"module":"router","msg":"HEAD / 200 1ms","time":"2018-07-03T10:09:43.179Z","v":0}
{"name":"dadi-publish","hostname":"Eduardos-MBP.lan","pid":37092,"level":30,"module":"router","msg":"HEAD / 200 0ms","time":"2018-07-03T10:09:45.029Z","v":0}
{"name":"dadi-publish","hostname":"Eduardos-MBP.lan","pid":37092,"level":30,"module":"router","msg":"HEAD / 200 0ms","time":"2018-07-03T10:09:47.027Z","v":0}
{"name":"dadi-publish","hostname":"Eduardos-MBP.lan","pid":37092,"level":30,"module":"router","msg":"HEAD / 200 1ms","time":"2018-07-03T10:09:49.026Z","v":0}
{"name":"dadi-publish","hostname":"Eduardos-MBP.lan","pid":37092,"level":30,"module":"router","msg":"HEAD / 200 1ms","time":"2018-07-03T10:09:51.028Z","v":0}
{"name":"dadi-publish","hostname":"Eduardos-MBP.lan","pid":37092,"level":30,"module":"router","msg":"HEAD / 200 0ms","time":"2018-07-03T10:09:53.030Z","v":0}
{"name":"dadi-publish","hostname":"Eduardos-MBP.lan","pid":37092,"level":30,"module":"router","msg":"HEAD / 200 0ms","time":"2018-07-03T10:09:55.026Z","v":0}
{"name":"dadi-publish","hostname":"Eduardos-MBP.lan","pid":37092,"level":30,"module":"router","msg":"HEAD / 200 1ms","time":"2018-07-03T10:09:57.024Z","v":0}
{"name":"dadi-publish","hostname":"Eduardos-MBP.lan","pid":37092,"level":30,"module":"router","msg":"HEAD / 200 0ms","time":"2018-07-03T10:09:59.027Z","v":0}
{"name":"dadi-publish","hostname":"Eduardos-MBP.lan","pid":37092,"level":30,"module":"router","msg":"HEAD / 200 0ms","time":"2018-07-03T10:10:01.021Z","v":0}
{"name":"dadi-publish","hostname":"Eduardos-MBP.lan","pid":37092,"level":30,"module":"router","msg":"HEAD / 200 1ms","time":"2018-07-03T10:10:03.023Z","v":0}
{"name":"dadi-publish","hostname":"Eduardos-MBP.lan","pid":37092,"level":30,"module":"router","msg":"HEAD / 200 1ms","time":"2018-07-03T10:10:05.138Z","v":0}
{"name":"dadi-publish","hostname":"Eduardos-MBP.lan","pid":37092,"level":30,"module":"router","msg":"HEAD / 200 1ms","time":"2018-07-03T10:10:07.026Z","v":0}
{"name":"dadi-publish","hostname":"Eduardos-MBP.lan","pid":37092,"level":30,"module":"router","msg":"HEAD / 200 1ms","time":"2018-07-03T10:10:09.030Z","v":0}
{"name":"dadi-publish","hostname":"Eduardos-MBP.lan","pid":37092,"level":30,"module":"router","msg":"HEAD / 200 0ms","time":"2018-07-03T10:10:11.021Z","v":0}
{"name":"dadi-publish","hostname":"Eduardos-MBP.lan","pid":37092,"level":30,"module":"router","msg":"HEAD / 200 1ms","time":"2018-07-03T10:10:13.021Z","v":0}
{"name":"dadi-publish","hostname":"Eduardos-MBP.lan","pid":37092,"level":30,"module":"router","msg":"HEAD / 200 0ms","time":"2018-07-03T10:10:15.021Z","v":0}
{"name":"dadi-publish","hostname":"Eduardos-MBP.lan","pid":37092,"level":30,"module":"router","msg":"HEAD / 200 1ms","time":"2018-07-03T10:10:17.022Z","v":0}
{"name":"dadi-publish","hostname":"Eduardos-MBP.lan","pid":37092,"level":30,"module":"router","msg":"HEAD / 200 0ms","time":"2018-07-03T10:10:19.019Z","v":0}
{"name":"dadi-publish","hostname":"Eduardos-MBP.lan","pid":37092,"level":30,"module":"router","msg":"HEAD / 200 0ms","time":"2018-07-03T10:10:21.022Z","v":0}
{"name":"dadi-publish","hostname":"Eduardos-MBP.lan","pid":37092,"level":30,"module":"router","msg":"HEAD / 200 1ms","time":"2018-07-03T10:10:23.025Z","v":0}
{"name":"dadi-publish","hostname":"Eduardos-MBP.lan","pid":37092,"level":30,"module":"router","msg":"HEAD / 200 1ms","time":"2018-07-03T10:10:25.030Z","v":0}
{"name":"dadi-publish","hostname":"Eduardos-MBP.lan","pid":37092,"level":30,"module":"router","msg":"HEAD / 200 2ms","time":"2018-07-03T10:10:27.025Z","v":0}
{"name":"dadi-publish","hostname":"Eduardos-MBP.lan","pid":37092,"level":30,"module":"router","msg":"HEAD / 200 1ms","time":"2018-07-03T10:10:29.026Z","v":0}
{"name":"dadi-publish","hostname":"Eduardos-MBP.lan","pid":37092,"level":30,"module":"router","msg":"HEAD / 200 1ms","time":"2018-07-03T10:10:31.021Z","v":0}
{"name":"dadi-publish","hostname":"Eduardos-MBP.lan","pid":37092,"level":30,"module":"router","msg":"HEAD / 200 0ms","time":"2018-07-03T10:10:33.020Z","v":0}
{"name":"dadi-publish","hostname":"Eduardos-MBP.lan","pid":37092,"level":30,"module":"router","msg":"HEAD / 200 1ms","time":"2018-07-03T10:10:35.021Z","v":0}
{"name":"dadi-publish","hostname":"Eduardos-MBP.lan","pid":37092,"level":30,"module":"router","msg":"HEAD / 200 0ms","time":"2018-07-03T10:10:37.020Z","v":0}
{"name":"dadi-publish","hostname":"Eduardos-MBP.lan","pid":37092,"level":30,"module":"router","msg":"HEAD / 200 0ms","time":"2018-07-03T10:10:39.126Z","v":0}
{"name":"dadi-publish","hostname":"Eduardos-MBP.lan","pid":37092,"level":30,"module":"router","msg":"HEAD / 200 1ms","time":"2018-07-03T10:10:41.021Z","v":0}
{"name":"dadi-publish","hostname":"Eduardos-MBP.lan","pid":37092,"level":30,"module":"router","msg":"HEAD / 200 1ms","time":"2018-07-03T10:10:43.023Z","v":0}
{"name":"dadi-publish","hostname":"Eduardos-MBP.lan","pid":37092,"level":30,"module":"router","msg":"HEAD / 200 1ms","time":"2018-07-03T10:10:45.021Z","v":0}
{"name":"dadi-publish","hostname":"Eduardos-MBP.lan","pid":37092,"level":30,"module":"router","msg":"HEAD / 200 2ms","time":"2018-07-03T10:10:47.023Z","v":0}
{"name":"dadi-publish","hostname":"Eduardos-MBP.lan","pid":37092,"level":30,"module":"router","msg":"HEAD / 200 1ms","time":"2018-07-03T10:10:49.021Z","v":0}
{"name":"dadi-publish","hostname":"Eduardos-MBP.lan","pid":37092,"level":30,"module":"router","msg":"HEAD / 200 0ms","time":"2018-07-03T10:10:51.021Z","v":0}
{"name":"dadi-publish","hostname":"Eduardos-MBP.lan","pid":37092,"level":30,"module":"router","msg":"HEAD / 200 0ms","time":"2018-07-03T10:10:53.021Z","v":0}
{"name":"dadi-publish","hostname":"Eduardos-MBP.lan","pid":37092,"level":30,"module":"router","msg":"HEAD / 200 0ms","time":"2018-07-03T10:10:55.024Z","v":0}
{"name":"dadi-publish","hostname":"Eduardos-MBP.lan","pid":37092,"level":30,"module":"router","msg":"HEAD / 200 0ms","time":"2018-07-03T10:10:57.022Z","v":0}
{"name":"dadi-publish","hostname":"Eduardos-MBP.lan","pid":37092,"level":30,"module":"router","msg":"HEAD / 200 1ms","time":"2018-07-03T10:10:59.028Z","v":0}
{"name":"dadi-publish","hostname":"Eduardos-MBP.lan","pid":37092,"level":30,"module":"router","msg":"HEAD / 200 2ms","time":"2018-07-03T10:11:01.025Z","v":0}
{"name":"dadi-publish","hostname":"Eduardos-MBP.lan","pid":37092,"level":30,"module":"router","msg":"HEAD / 200 0ms","time":"2018-07-03T10:11:03.020Z","v":0}
{"name":"dadi-publish","hostname":"Eduardos-MBP.lan","pid":37092,"level":30,"module":"router","msg":"HEAD / 200 0ms","time":"2018-07-03T10:11:05.021Z","v":0}
{"name":"dadi-publish","hostname":"Eduardos-MBP.lan","pid":37092,"level":30,"module":"router","msg":"HEAD / 200 1ms","time":"2018-07-03T10:11:07.021Z","v":0}
{"name":"dadi-publish","hostname":"Eduardos-MBP.lan","pid":37092,"level":30,"module":"router","msg":"HEAD / 200 0ms","time":"2018-07-03T10:11:09.025Z","v":0}
{"name":"dadi-publish","hostname":"Eduardos-MBP.lan","pid":37092,"level":30,"module":"router","msg":"HEAD / 200 1ms","time":"2018-07-03T10:11:11.024Z","v":0}
{"name":"dadi-publish","hostname":"Eduardos-MBP.lan","pid":37092,"level":30,"module":"router","msg":"HEAD / 200 0ms","time":"2018-07-03T10:11:13.020Z","v":0}
{"name":"dadi-publish","hostname":"Eduardos-MBP.lan","pid":37092,"level":30,"module":"router","msg":"HEAD / 200 1ms","time":"2018-07-03T10:11:15.027Z","v":0}
{"name":"dadi-publish","hostname":"Eduardos-MBP.lan","pid":37092,"level":30,"module":"router","msg":"HEAD / 200 0ms","time":"2018-07-03T10:11:17.025Z","v":0}
{"name":"dadi-publish","hostname":"Eduardos-MBP.lan","pid":37092,"level":30,"module":"router","msg":"HEAD / 200 0ms","time":"2018-07-03T10:11:19.021Z","v":0}
{"name":"dadi-publish","hostname":"Eduardos-MBP.lan","pid":37092,"level":30,"module":"router","msg":"HEAD / 200 0ms","time":"2018-07-03T10:11:21.023Z","v":0}
{"name":"dadi-publish","hostname":"Eduardos-MBP.lan","pid":37092,"level":30,"module":"router","msg":"HEAD / 200 0ms","time":"2018-07-03T10:11:23.025Z","v":0}
{"name":"dadi-publish","hostname":"Eduardos-MBP.lan","pid":37092,"level":30,"module":"router","msg":"HEAD / 200 0ms","time":"2018-07-03T10:11:25.019Z","v":0}
{"name":"dadi-publish","hostname":"Eduardos-MBP.lan","pid":37092,"level":30,"module":"router","msg":"HEAD / 200 0ms","time":"2018-07-03T10:11:27.026Z","v":0}
{"name":"dadi-publish","hostname":"Eduardos-MBP.lan","pid":37092,"level":30,"module":"router","msg":"HEAD / 200 0ms","time":"2018-07-03T10:11:29.025Z","v":0}
{"name":"dadi-publish","hostname":"Eduardos-MBP.lan","pid":37092,"level":30,"module":"router","msg":"HEAD / 200 1ms","time":"2018-07-03T10:11:31.024Z","v":0}
{"name":"dadi-publish","hostname":"Eduardos-MBP.lan","pid":37092,"level":30,"module":"router","msg":"HEAD / 200 1ms","time":"2018-07-03T10:11:33.024Z","v":0}
{"name":"dadi-publish","hostname":"Eduardos-MBP.lan","pid":37092,"level":30,"module":"router","msg":"HEAD / 200 1ms","time":"2018-07-03T10:11:35.024Z","v":0}
{"name":"dadi-publish","hostname":"Eduardos-MBP.lan","pid":37092,"level":30,"module":"router","msg":"HEAD / 200 0ms","time":"2018-07-03T10:11:37.025Z","v":0}
{"name":"dadi-publish","hostname":"Eduardos-MBP.lan","pid":37092,"level":30,"module":"router","msg":"HEAD / 200 1ms","time":"2018-07-03T10:11:39.024Z","v":0}
{"name":"dadi-publish","hostname":"Eduardos-MBP.lan","pid":37092,"level":30,"module":"router","msg":"HEAD / 200 1ms","time":"2018-07-03T10:11:41.023Z","v":0}
{"name":"dadi-publish","hostname":"Eduardos-MBP.lan","pid":37092,"level":30,"module":"router","msg":"HEAD / 200 1ms","time":"2018-07-03T10:11:43.024Z","v":0}
{"name":"dadi-publish","hostname":"Eduardos-MBP.lan","pid":37092,"level":30,"module":"router","msg":"HEAD / 200 0ms","time":"2018-07-03T10:11:45.027Z","v":0}
{"name":"dadi-publish","hostname":"Eduardos-MBP.lan","pid":37092,"level":30,"module":"router","msg":"HEAD / 200 1ms","time":"2018-07-03T10:11:47.025Z","v":0}
{"name":"dadi-publish","hostname":"Eduardos-MBP.lan","pid":37092,"level":30,"module":"router","msg":"HEAD / 200 0ms","time":"2018-07-03T10:11:49.021Z","v":0}
{"name":"dadi-publish","hostname":"Eduardos-MBP.lan","pid":37092,"level":30,"module":"router","msg":"HEAD / 200 1ms","time":"2018-07-03T10:11:51.026Z","v":0}
{"name":"dadi-publish","hostname":"Eduardos-MBP.lan","pid":37092,"level":30,"module":"router","msg":"HEAD / 200 1ms","time":"2018-07-03T10:11:53.026Z","v":0}
{"name":"dadi-publish","hostname":"Eduardos-MBP.lan","pid":37092,"level":30,"module":"router","msg":"HEAD / 200 0ms","time":"2018-07-03T10:11:55.027Z","v":0}
{"name":"dadi-publish","hostname":"Eduardos-MBP.lan","pid":37092,"level":30,"module":"router","msg":"HEAD / 200 0ms","time":"2018-07-03T10:11:57.020Z","v":0}
{"name":"dadi-publish","hostname":"Eduardos-MBP.lan","pid":37092,"level":30,"module":"router","msg":"HEAD / 200 0ms","time":"2018-07-03T10:11:59.026Z","v":0}
{"name":"dadi-publish","hostname":"Eduardos-MBP.lan","pid":37092,"level":30,"module":"router","msg":"HEAD / 200 1ms","time":"2018-07-03T10:12:01.024Z","v":0}
{"name":"dadi-publish","hostname":"Eduardos-MBP.lan","pid":37092,"level":30,"module":"router","msg":"HEAD / 200 0ms","time":"2018-07-03T10:12:03.022Z","v":0}
{"name":"dadi-publish","hostname":"Eduardos-MBP.lan","pid":37092,"level":30,"module":"router","msg":"HEAD / 200 1ms","time":"2018-07-03T10:12:05.020Z","v":0}
{"name":"dadi-publish","hostname":"Eduardos-MBP.lan","pid":37092,"level":30,"module":"router","msg":"HEAD / 200 0ms","time":"2018-07-03T10:12:07.024Z","v":0}
{"name":"dadi-publish","hostname":"Eduardos-MBP.lan","pid":37092,"level":30,"module":"router","msg":"HEAD / 200 0ms","time":"2018-07-03T10:12:09.020Z","v":0}
{"name":"dadi-publish","hostname":"Eduardos-MBP.lan","pid":37092,"level":30,"module":"router","msg":"HEAD / 200 0ms","time":"2018-07-03T10:12:11.020Z","v":0}
{"name":"dadi-publish","hostname":"Eduardos-MBP.lan","pid":37092,"level":30,"module":"router","msg":"HEAD / 200 0ms","time":"2018-07-03T10:12:13.024Z","v":0}
{"name":"dadi-publish","hostname":"Eduardos-MBP.lan","pid":37092,"level":30,"module":"router","msg":"HEAD / 200 0ms","time":"2018-07-03T10:12:15.019Z","v":0}
{"name":"dadi-publish","hostname":"Eduardos-MBP.lan","pid":37092,"level":30,"module":"router","msg":"HEAD / 200 1ms","time":"2018-07-03T10:12:17.019Z","v":0}
{"name":"dadi-publish","hostname":"Eduardos-MBP.lan","pid":37092,"level":30,"module":"router","msg":"HEAD / 200 0ms","time":"2018-07-03T10:12:19.019Z","v":0}
{"name":"dadi-publish","hostname":"Eduardos-MBP.lan","pid":37092,"level":30,"module":"router","msg":"HEAD / 200 0ms","time":"2018-07-03T10:12:21.023Z","v":0}
{"name":"dadi-publish","hostname":"Eduardos-MBP.lan","pid":37092,"level":30,"module":"router","msg":"HEAD / 200 0ms","time":"2018-07-03T10:12:23.021Z","v":0}
{"name":"dadi-publish","hostname":"Eduardos-MBP.lan","pid":37092,"level":30,"module":"router","msg":"HEAD / 200 1ms","time":"2018-07-03T10:12:25.019Z","v":0}
{"name":"dadi-publish","hostname":"Eduardos-MBP.lan","pid":37092,"level":30,"module":"router","msg":"HEAD / 200 0ms","time":"2018-07-03T10:12:27.020Z","v":0}
{"name":"dadi-publish","hostname":"Eduardos-MBP.lan","pid":37092,"level":30,"module":"router","msg":"HEAD / 200 0ms","time":"2018-07-03T10:12:29.019Z","v":0}
{"name":"dadi-publish","hostname":"Eduardos-MBP.lan","pid":37092,"level":30,"module":"router","msg":"HEAD / 200 0ms","time":"2018-07-03T10:12:31.020Z","v":0}
{"name":"dadi-publish","hostname":"Eduardos-MBP.lan","pid":37092,"level":30,"module":"router","msg":"HEAD / 200 0ms","time":"2018-07-03T10:12:33.019Z","v":0}
{"name":"dadi-publish","hostname":"Eduardos-MBP.lan","pid":37092,"level":30,"module":"router","msg":"HEAD / 200 0ms","time":"2018-07-03T10:12:35.019Z","v":0}
{"name":"dadi-publish","hostname":"Eduardos-MBP.lan","pid":37092,"level":30,"module":"router","msg":"HEAD / 200 0ms","time":"2018-07-03T10:12:37.018Z","v":0}
{"name":"dadi-publish","hostname":"Eduardos-MBP.lan","pid":37092,"level":30,"module":"router","msg":"HEAD / 200 0ms","time":"2018-07-03T10:12:39.018Z","v":0}
{"name":"dadi-publish","hostname":"Eduardos-MBP.lan","pid":37092,"level":30,"module":"router","msg":"HEAD / 200 0ms","time":"2018-07-03T10:12:41.018Z","v":0}
{"name":"dadi-publish","hostname":"Eduardos-MBP.lan","pid":37092,"level":30,"module":"router","msg":"HEAD / 200 0ms","time":"2018-07-03T10:12:43.018Z","v":0}
{"name":"dadi-publish","hostname":"Eduardos-MBP.lan","pid":37092,"level":30,"module":"router","msg":"HEAD / 200 1ms","time":"2018-07-03T10:12:45.021Z","v":0}
{"name":"dadi-publish","hostname":"Eduardos-MBP.lan","pid":37092,"level":30,"module":"router","msg":"HEAD / 200 2ms","time":"2018-07-03T10:12:47.020Z","v":0}
{"name":"dadi-publish","hostname":"Eduardos-MBP.lan","pid":37092,"level":30,"module":"router","msg":"HEAD / 200 0ms","time":"2018-07-03T10:12:49.017Z","v":0}
{"name":"dadi-publish","hostname":"Eduardos-MBP.lan","pid":37092,"level":30,"module":"router","msg":"HEAD / 200 1ms","time":"2018-07-03T10:12:51.088Z","v":0}
{"name":"dadi-publish","hostname":"Eduardos-MBP.lan","pid":37092,"level":30,"module":"router","msg":"HEAD / 200 0ms","time":"2018-07-03T10:12:53.018Z","v":0}
{"name":"dadi-publish","hostname":"Eduardos-MBP.lan","pid":37092,"level":30,"module":"router","msg":"HEAD / 200 1ms","time":"2018-07-03T10:12:55.017Z","v":0}
{"name":"dadi-publish","hostname":"Eduardos-MBP.lan","pid":37092,"level":30,"module":"router","msg":"HEAD / 200 0ms","time":"2018-07-03T10:12:57.017Z","v":0}
{"name":"dadi-publish","hostname":"Eduardos-MBP.lan","pid":37092,"level":30,"module":"router","msg":"HEAD / 200 0ms","time":"2018-07-03T10:12:59.018Z","v":0}
{"name":"dadi-publish","hostname":"Eduardos-MBP.lan","pid":37092,"level":30,"module":"router","msg":"HEAD / 200 0ms","time":"2018-07-03T10:13:01.018Z","v":0}
{"name":"dadi-publish","hostname":"Eduardos-MBP.lan","pid":37092,"level":30,"module":"router","msg":"HEAD / 200 0ms","time":"2018-07-03T10:13:03.017Z","v":0}
{"name":"dadi-publish","hostname":"Eduardos-MBP.lan","pid":37092,"level":30,"module":"router","msg":"HEAD / 200 0ms","time":"2018-07-03T10:13:05.018Z","v":0}
{"name":"dadi-publish","hostname":"Eduardos-MBP.lan","pid":37092,"level":30,"module":"router","msg":"HEAD / 200 1ms","time":"2018-07-03T10:13:07.021Z","v":0}
{"name":"dadi-publish","hostname":"Eduardos-MBP.lan","pid":37092,"level":30,"module":"router","msg":"HEAD / 200 1ms","time":"2018-07-03T10:13:09.024Z","v":0}
{"name":"dadi-publish","hostname":"Eduardos-MBP.lan","pid":37092,"level":30,"module":"router","msg":"HEAD / 200 0ms","time":"2018-07-03T10:13:11.024Z","v":0}
{"name":"dadi-publish","hostname":"Eduardos-MBP.lan","pid":37092,"level":30,"module":"router","msg":"HEAD / 200 0ms","time":"2018-07-03T10:13:13.015Z","v":0}
{"name":"dadi-publish","hostname":"Eduardos-MBP.lan","pid":37092,"level":30,"module":"router","msg":"HEAD / 200 1ms","time":"2018-07-03T10:13:15.085Z","v":0}
{"name":"dadi-publish","hostname":"Eduardos-MBP.lan","pid":37092,"level":30,"module":"router","msg":"HEAD / 200 0ms","time":"2018-07-03T10:13:17.014Z","v":0}
{"name":"dadi-publish","hostname":"Eduardos-MBP.lan","pid":37092,"level":30,"module":"router","msg":"HEAD / 200 1ms","time":"2018-07-03T10:13:19.015Z","v":0}
{"name":"dadi-publish","hostname":"Eduardos-MBP.lan","pid":37092,"level":30,"module":"router","msg":"HEAD / 200 1ms","time":"2018-07-03T10:13:21.014Z","v":0}
{"name":"dadi-publish","hostname":"Eduardos-MBP.lan","pid":37092,"level":30,"module":"router","msg":"HEAD / 200 0ms","time":"2018-07-03T10:13:23.013Z","v":0}
{"name":"dadi-publish","hostname":"Eduardos-MBP.lan","pid":37092,"level":30,"module":"router","msg":"HEAD / 200 1ms","time":"2018-07-03T10:13:25.013Z","v":0}
{"name":"dadi-publish","hostname":"Eduardos-MBP.lan","pid":37092,"level":30,"module":"router","msg":"HEAD / 200 0ms","time":"2018-07-03T10:13:27.013Z","v":0}
{"name":"dadi-publish","hostname":"Eduardos-MBP.lan","pid":37092,"level":30,"module":"router","msg":"HEAD / 200 1ms","time":"2018-07-03T10:13:29.012Z","v":0}
{"name":"dadi-publish","hostname":"Eduardos-MBP.lan","pid":37092,"level":30,"module":"router","msg":"HEAD / 200 0ms","time":"2018-07-03T10:13:31.013Z","v":0}
{"name":"dadi-publish","hostname":"Eduardos-MBP.lan","pid":37092,"level":30,"module":"router","msg":"HEAD / 200 0ms","time":"2018-07-03T10:13:33.011Z","v":0}
{"name":"dadi-publish","hostname":"Eduardos-MBP.lan","pid":37092,"level":30,"module":"router","msg":"HEAD / 200 1ms","time":"2018-07-03T10:13:35.011Z","v":0}
{"name":"dadi-publish","hostname":"Eduardos-MBP.lan","pid":37092,"level":30,"module":"router","msg":"HEAD / 200 0ms","time":"2018-07-03T10:13:37.013Z","v":0}
{"name":"dadi-publish","hostname":"Eduardos-MBP.lan","pid":37092,"level":30,"module":"router","msg":"HEAD / 200 0ms","time":"2018-07-03T10:13:39.010Z","v":0}
{"name":"dadi-publish","hostname":"Eduardos-MBP.lan","pid":37092,"level":30,"module":"router","msg":"HEAD / 200 0ms","time":"2018-07-03T10:13:41.010Z","v":0}
{"name":"dadi-publish","hostname":"Eduardos-MBP.lan","pid":37092,"level":30,"module":"router","msg":"HEAD / 200 0ms","time":"2018-07-03T10:13:43.010Z","v":0}
{"name":"dadi-publish","hostname":"Eduardos-MBP.lan","pid":37092,"level":30,"module":"router","msg":"HEAD / 200 1ms","time":"2018-07-03T10:13:45.010Z","v":0}
{"name":"dadi-publish","hostname":"Eduardos-MBP.lan","pid":37092,"level":30,"module":"router","msg":"HEAD / 200 1ms","time":"2018-07-03T10:13:47.015Z","v":0}
{"name":"dadi-publish","hostname":"Eduardos-MBP.lan","pid":37092,"level":30,"module":"router","msg":"HEAD / 200 1ms","time":"2018-07-03T10:13:49.016Z","v":0}
{"name":"dadi-publish","hostname":"Eduardos-MBP.lan","pid":37092,"level":30,"module":"router","msg":"HEAD / 200 0ms","time":"2018-07-03T10:13:51.093Z","v":0}
{"name":"dadi-publish","hostname":"Eduardos-MBP.lan","pid":37092,"level":30,"module":"router","msg":"HEAD / 200 0ms","time":"2018-07-03T10:13:53.009Z","v":0}
{"name":"dadi-publish","hostname":"Eduardos-MBP.lan","pid":37092,"level":30,"module":"router","msg":"HEAD / 200 0ms","time":"2018-07-03T10:13:55.009Z","v":0}
{"name":"dadi-publish","hostname":"Eduardos-MBP.lan","pid":37092,"level":30,"module":"router","msg":"HEAD / 200 0ms","time":"2018-07-03T10:13:57.010Z","v":0}
{"name":"dadi-publish","hostname":"Eduardos-MBP.lan","pid":37092,"level":30,"module":"router","msg":"HEAD / 200 0ms","time":"2018-07-03T10:13:59.009Z","v":0}
{"name":"dadi-publish","hostname":"Eduardos-MBP.lan","pid":37092,"level":30,"module":"router","msg":"HEAD / 200 0ms","time":"2018-07-03T10:14:01.009Z","v":0}
{"name":"dadi-publish","hostname":"Eduardos-MBP.lan","pid":37092,"level":30,"module":"router","msg":"HEAD / 200 1ms","time":"2018-07-03T10:14:03.016Z","v":0}
{"name":"dadi-publish","hostname":"Eduardos-MBP.lan","pid":37092,"level":30,"module":"router","msg":"HEAD / 200 1ms","time":"2018-07-03T10:14:05.067Z","v":0}
{"name":"dadi-publish","hostname":"Eduardos-MBP.lan","pid":37092,"level":30,"module":"router","msg":"HEAD / 200 0ms","time":"2018-07-03T10:14:07.015Z","v":0}
{"name":"dadi-publish","hostname":"Eduardos-MBP.lan","pid":37092,"level":30,"module":"router","msg":"HEAD / 200 1ms","time":"2018-07-03T10:14:09.012Z","v":0}
{"name":"dadi-publish","hostname":"Eduardos-MBP.lan","pid":37092,"level":30,"module":"router","msg":"HEAD / 200 0ms","time":"2018-07-03T10:14:11.012Z","v":0}
{"name":"dadi-publish","hostname":"Eduardos-MBP.lan","pid":37092,"level":30,"module":"router","msg":"HEAD / 200 2ms","time":"2018-07-03T10:14:13.013Z","v":0}
{"name":"dadi-publish","hostname":"Eduardos-MBP.lan","pid":37092,"level":30,"module":"router","msg":"HEAD / 200 1ms","time":"2018-07-03T10:14:15.013Z","v":0}
{"name":"dadi-publish","hostname":"Eduardos-MBP.lan","pid":37092,"level":30,"module":"router","msg":"HEAD / 200 1ms","time":"2018-07-03T10:14:17.012Z","v":0}
{"name":"dadi-publish","hostname":"Eduardos-MBP.lan","pid":37092,"level":30,"module":"router","msg":"HEAD / 200 0ms","time":"2018-07-03T10:14:19.018Z","v":0}
{"name":"dadi-publish","hostname":"Eduardos-MBP.lan","pid":37092,"level":30,"module":"router","msg":"HEAD / 200 0ms","time":"2018-07-03T10:14:21.008Z","v":0}
{"name":"dadi-publish","hostname":"Eduardos-MBP.lan","pid":37092,"level":30,"module":"router","msg":"HEAD / 200 0ms","time":"2018-07-03T10:14:23.009Z","v":0}
{"name":"dadi-publish","hostname":"Eduardos-MBP.lan","pid":37092,"level":30,"module":"router","msg":"HEAD / 200 0ms","time":"2018-07-03T10:14:25.017Z","v":0}
{"name":"dadi-publish","hostname":"Eduardos-MBP.lan","pid":37092,"level":30,"module":"router","msg":"HEAD / 200 2ms","time":"2018-07-03T10:14:27.009Z","v":0}
{"name":"dadi-publish","hostname":"Eduardos-MBP.lan","pid":37092,"level":30,"module":"router","msg":"HEAD / 200 0ms","time":"2018-07-03T10:14:29.014Z","v":0}
{"name":"dadi-publish","hostname":"Eduardos-MBP.lan","pid":37092,"level":30,"module":"router","msg":"HEAD / 200 0ms","time":"2018-07-03T10:14:31.008Z","v":0}
{"name":"dadi-publish","hostname":"Eduardos-MBP.lan","pid":37092,"level":30,"module":"router","msg":"HEAD / 200 1ms","time":"2018-07-03T10:14:33.013Z","v":0}
{"name":"dadi-publish","hostname":"Eduardos-MBP.lan","pid":37092,"level":30,"module":"router","msg":"HEAD / 200 1ms","time":"2018-07-03T10:14:35.008Z","v":0}
{"name":"dadi-publish","hostname":"Eduardos-MBP.lan","pid":37092,"level":30,"module":"router","msg":"HEAD / 200 1ms","time":"2018-07-03T10:14:37.008Z","v":0}
{"name":"dadi-publish","hostname":"Eduardos-MBP.lan","pid":37092,"level":30,"module":"router","msg":"HEAD / 200 1ms","time":"2018-07-03T10:14:39.012Z","v":0}
{"name":"dadi-publish","hostname":"Eduardos-MBP.lan","pid":37092,"level":30,"module":"router","msg":"HEAD / 200 0ms","time":"2018-07-03T10:14:41.013Z","v":0}
{"name":"dadi-publish","hostname":"Eduardos-MBP.lan","pid":37092,"level":30,"module":"router","msg":"HEAD / 200 0ms","time":"2018-07-03T10:14:43.011Z","v":0}
{"name":"dadi-publish","hostname":"Eduardos-MBP.lan","pid":37092,"level":30,"module":"router","msg":"HEAD / 200 0ms","time":"2018-07-03T10:14:45.009Z","v":0}
{"name":"dadi-publish","hostname":"Eduardos-MBP.lan","pid":37092,"level":30,"module":"router","msg":"HEAD / 200 1ms","time":"2018-07-03T10:14:47.011Z","v":0}
{"name":"dadi-publish","hostname":"Eduardos-MBP.lan","pid":37092,"level":30,"module":"router","msg":"HEAD / 200 0ms","time":"2018-07-03T10:14:49.006Z","v":0}
{"name":"dadi-publish","hostname":"Eduardos-MBP.lan","pid":37092,"level":30,"module":"router","msg":"HEAD / 200 0ms","time":"2018-07-03T10:14:51.011Z","v":0}
{"name":"dadi-publish","hostname":"Eduardos-MBP.lan","pid":37092,"level":30,"module":"router","msg":"HEAD / 200 0ms","time":"2018-07-03T10:14:53.021Z","v":0}
{"name":"dadi-publish","hostname":"Eduardos-MBP.lan","pid":37092,"level":30,"module":"router","msg":"HEAD / 200 1ms","time":"2018-07-03T10:14:55.013Z","v":0}
{"name":"dadi-publish","hostname":"Eduardos-MBP.lan","pid":37092,"level":30,"module":"router","msg":"HEAD / 200 0ms","time":"2018-07-03T10:14:57.666Z","v":0}
{"name":"dadi-publish","hostname":"Eduardos-MBP.lan","pid":37092,"level":30,"module":"router","msg":"HEAD / 200 1ms","time":"2018-07-03T10:14:59.690Z","v":0}
{"name":"dadi-publish","hostname":"Eduardos-MBP.lan","pid":37092,"level":30,"module":"router","msg":"HEAD / 200 0ms","time":"2018-07-03T10:15:01.032Z","v":0}
{"name":"dadi-publish","hostname":"Eduardos-MBP.lan","pid":37092,"level":30,"module":"router","msg":"HEAD / 200 0ms","time":"2018-07-03T10:15:03.730Z","v":0}
{"name":"dadi-publish","hostname":"Eduardos-MBP.lan","pid":37092,"level":30,"module":"router","msg":"HEAD / 200 0ms","time":"2018-07-03T10:15:05.888Z","v":0}
{"name":"dadi-publish","hostname":"Eduardos-MBP.lan","pid":37092,"level":30,"module":"router","msg":"HEAD / 200 0ms","time":"2018-07-03T10:15:07.607Z","v":0}
{"name":"dadi-publish","hostname":"Eduardos-MBP.lan","pid":37092,"level":30,"module":"router","msg":"HEAD / 200 1ms","time":"2018-07-03T10:15:09.885Z","v":0}
{"name":"dadi-publish","hostname":"Eduardos-MBP.lan","pid":37092,"level":30,"module":"router","msg":"HEAD / 200 1ms","time":"2018-07-03T10:15:11.888Z","v":0}
{"name":"dadi-publish","hostname":"Eduardos-MBP.lan","pid":37092,"level":30,"module":"router","msg":"HEAD / 200 0ms","time":"2018-07-03T10:15:13.788Z","v":0}
{"name":"dadi-publish","hostname":"Eduardos-MBP.lan","pid":37092,"level":30,"module":"router","msg":"HEAD / 200 0ms","time":"2018-07-03T10:15:15.594Z","v":0}
{"name":"dadi-publish","hostname":"Eduardos-MBP.lan","pid":37092,"level":30,"module":"router","msg":"HEAD / 200 0ms","time":"2018-07-03T10:15:17.607Z","v":0}
{"name":"dadi-publish","hostname":"Eduardos-MBP.lan","pid":37092,"level":30,"module":"router","msg":"HEAD / 200 0ms","time":"2018-07-03T10:15:19.702Z","v":0}
{"name":"dadi-publish","hostname":"Eduardos-MBP.lan","pid":37092,"level":30,"module":"router","msg":"HEAD / 200 0ms","time":"2018-07-03T10:15:21.831Z","v":0}
{"name":"dadi-publish","hostname":"Eduardos-MBP.lan","pid":37092,"level":30,"module":"router","msg":"HEAD / 200 0ms","time":"2018-07-03T10:15:23.702Z","v":0}
{"name":"dadi-publish","hostname":"Eduardos-MBP.lan","pid":37092,"level":30,"module":"router","msg":"HEAD / 200 0ms","time":"2018-07-03T10:15:25.873Z","v":0}
{"name":"dadi-publish","hostname":"Eduardos-MBP.lan","pid":37092,"level":30,"module":"router","msg":"HEAD / 200 0ms","time":"2018-07-03T10:15:27.609Z","v":0}
{"name":"dadi-publish","hostname":"Eduardos-MBP.lan","pid":37092,"level":30,"module":"router","msg":"HEAD / 200 1ms","time":"2018-07-03T10:15:29.830Z","v":0}
{"name":"dadi-publish","hostname":"Eduardos-MBP.lan","pid":37092,"level":30,"module":"router","msg":"HEAD / 200 0ms","time":"2018-07-03T10:15:31.598Z","v":0}
{"name":"dadi-publish","hostname":"Eduardos-MBP.lan","pid":37092,"level":30,"module":"router","msg":"HEAD / 200 1ms","time":"2018-07-03T10:15:33.618Z","v":0}
{"name":"dadi-publish","hostname":"Eduardos-MBP.lan","pid":37092,"level":30,"module":"router","msg":"HEAD / 200 0ms","time":"2018-07-03T10:15:35.698Z","v":0}
{"name":"dadi-publish","hostname":"Eduardos-MBP.lan","pid":37092,"level":30,"module":"router","msg":"HEAD / 200 0ms","time":"2018-07-03T10:15:37.643Z","v":0}
{"name":"dadi-publish","hostname":"Eduardos-MBP.lan","pid":37092,"level":30,"module":"router","msg":"HEAD / 200 0ms","time":"2018-07-03T10:15:39.628Z","v":0}
{"name":"dadi-publish","hostname":"Eduardos-MBP.lan","pid":37092,"level":30,"module":"router","msg":"HEAD / 200 0ms","time":"2018-07-03T10:15:41.794Z","v":0}
{"name":"dadi-publish","hostname":"Eduardos-MBP.lan","pid":37092,"level":30,"module":"router","msg":"HEAD / 200 2ms","time":"2018-07-03T10:15:43.599Z","v":0}
{"name":"dadi-publish","hostname":"Eduardos-MBP.lan","pid":37092,"level":30,"module":"router","msg":"HEAD / 200 1ms","time":"2018-07-03T10:15:45.885Z","v":0}
{"name":"dadi-publish","hostname":"Eduardos-MBP.lan","pid":37092,"level":30,"module":"router","msg":"HEAD / 200 1ms","time":"2018-07-03T10:15:47.800Z","v":0}
{"name":"dadi-publish","hostname":"Eduardos-MBP.lan","pid":37092,"level":30,"module":"router","msg":"HEAD / 200 0ms","time":"2018-07-03T10:15:49.874Z","v":0}
{"name":"dadi-publish","hostname":"Eduardos-MBP.lan","pid":37092,"level":30,"module":"router","msg":"HEAD / 200 0ms","time":"2018-07-03T10:15:51.620Z","v":0}
{"name":"dadi-publish","hostname":"Eduardos-MBP.lan","pid":37092,"level":30,"module":"router","msg":"HEAD / 200 1ms","time":"2018-07-03T10:15:53.832Z","v":0}
{"name":"dadi-publish","hostname":"Eduardos-MBP.lan","pid":37092,"level":30,"module":"router","msg":"HEAD / 200 0ms","time":"2018-07-03T10:15:55.822Z","v":0}
{"name":"dadi-publish","hostname":"Eduardos-MBP.lan","pid":37092,"level":30,"module":"router","msg":"HEAD / 200 0ms","time":"2018-07-03T10:15:57.601Z","v":0}
{"name":"dadi-publish","hostname":"Eduardos-MBP.lan","pid":37092,"level":30,"module":"router","msg":"HEAD / 200 0ms","time":"2018-07-03T10:15:59.763Z","v":0}
{"name":"dadi-publish","hostname":"Eduardos-MBP.lan","pid":37092,"level":30,"module":"router","msg":"HEAD / 200 0ms","time":"2018-07-03T10:16:01.823Z","v":0}
{"name":"dadi-publish","hostname":"Eduardos-MBP.lan","pid":37092,"level":30,"module":"router","msg":"HEAD / 200 0ms","time":"2018-07-03T10:16:03.603Z","v":0}
{"name":"dadi-publish","hostname":"Eduardos-MBP.lan","pid":37092,"level":30,"module":"router","msg":"HEAD / 200 0ms","time":"2018-07-03T10:16:05.863Z","v":0}
{"name":"dadi-publish","hostname":"Eduardos-MBP.lan","pid":37092,"level":30,"module":"router","msg":"HEAD / 200 1ms","time":"2018-07-03T10:16:07.721Z","v":0}
{"name":"dadi-publish","hostname":"Eduardos-MBP.lan","pid":37092,"level":30,"module":"router","msg":"HEAD / 200 0ms","time":"2018-07-03T10:16:09.830Z","v":0}
{"name":"dadi-publish","hostname":"Eduardos-MBP.lan","pid":37092,"level":30,"module":"router","msg":"HEAD / 200 0ms","time":"2018-07-03T10:16:11.824Z","v":0}
{"name":"dadi-publish","hostname":"Eduardos-MBP.lan","pid":37092,"level":30,"module":"router","msg":"HEAD / 200 1ms","time":"2018-07-03T10:16:13.845Z","v":0}
{"name":"dadi-publish","hostname":"Eduardos-MBP.lan","pid":37092,"level":30,"module":"router","msg":"HEAD / 200 0ms","time":"2018-07-03T10:16:15.600Z","v":0}
{"name":"dadi-publish","hostname":"Eduardos-MBP.lan","pid":37092,"level":30,"module":"router","msg":"HEAD / 200 1ms","time":"2018-07-03T10:16:17.824Z","v":0}
{"name":"dadi-publish","hostname":"Eduardos-MBP.lan","pid":37092,"level":30,"module":"router","msg":"HEAD / 200 0ms","time":"2018-07-03T10:16:19.599Z","v":0}
{"name":"dadi-publish","hostname":"Eduardos-MBP.lan","pid":37092,"level":30,"module":"router","msg":"HEAD / 200 1ms","time":"2018-07-03T10:16:21.845Z","v":0}
{"name":"dadi-publish","hostname":"Eduardos-MBP.lan","pid":37092,"level":30,"module":"router","msg":"HEAD / 200 0ms","time":"2018-07-03T10:16:23.735Z","v":0}
{"name":"dadi-publish","hostname":"Eduardos-MBP.lan","pid":37092,"level":30,"module":"router","msg":"HEAD / 200 0ms","time":"2018-07-03T10:16:25.815Z","v":0}
{"name":"dadi-publish","hostname":"Eduardos-MBP.lan","pid":37092,"level":30,"module":"router","msg":"HEAD / 200 0ms","time":"2018-07-03T10:16:27.596Z","v":0}
{"name":"dadi-publish","hostname":"Eduardos-MBP.lan","pid":37092,"level":30,"module":"router","msg":"HEAD / 200 0ms","time":"2018-07-03T10:16:29.806Z","v":0}
{"name":"dadi-publish","hostname":"Eduardos-MBP.lan","pid":37092,"level":30,"module":"router","msg":"HEAD / 200 0ms","time":"2018-07-03T10:16:31.607Z","v":0}
{"name":"dadi-publish","hostname":"Eduardos-MBP.lan","pid":37092,"level":30,"module":"router","msg":"HEAD / 200 0ms","time":"2018-07-03T10:16:33.816Z","v":0}
{"name":"dadi-publish","hostname":"Eduardos-MBP.lan","pid":37092,"level":30,"module":"router","msg":"HEAD / 200 0ms","time":"2018-07-03T10:16:35.602Z","v":0}
{"name":"dadi-publish","hostname":"Eduardos-MBP.lan","pid":37092,"level":30,"module":"router","msg":"HEAD / 200 0ms","time":"2018-07-03T10:16:37.616Z","v":0}
{"name":"dadi-publish","hostname":"Eduardos-MBP.lan","pid":37092,"level":30,"module":"router","msg":"HEAD / 200 0ms","time":"2018-07-03T10:16:39.738Z","v":0}
{"name":"dadi-publish","hostname":"Eduardos-MBP.lan","pid":37092,"level":30,"module":"router","msg":"HEAD / 200 0ms","time":"2018-07-03T10:16:41.817Z","v":0}
{"name":"dadi-publish","hostname":"Eduardos-MBP.lan","pid":37092,"level":30,"module":"router","msg":"HEAD / 200 0ms","time":"2018-07-03T10:16:43.602Z","v":0}
{"name":"dadi-publish","hostname":"Eduardos-MBP.lan","pid":37092,"level":30,"module":"router","msg":"HEAD / 200 0ms","time":"2018-07-03T10:16:45.617Z","v":0}
{"name":"dadi-publish","hostname":"Eduardos-MBP.lan","pid":37092,"level":30,"module":"router","msg":"HEAD / 200 0ms","time":"2018-07-03T10:16:47.697Z","v":0}
{"name":"dadi-publish","hostname":"Eduardos-MBP.lan","pid":37092,"level":30,"module":"router","msg":"HEAD / 200 0ms","time":"2018-07-03T10:16:49.816Z","v":0}
{"name":"dadi-publish","hostname":"Eduardos-MBP.lan","pid":37092,"level":30,"module":"router","msg":"HEAD / 200 0ms","time":"2018-07-03T10:16:51.600Z","v":0}
{"name":"dadi-publish","hostname":"Eduardos-MBP.lan","pid":37092,"level":30,"module":"router","msg":"HEAD / 200 0ms","time":"2018-07-03T10:16:53.618Z","v":0}
{"name":"dadi-publish","hostname":"Eduardos-MBP.lan","pid":37092,"level":30,"module":"router","msg":"HEAD / 200 0ms","time":"2018-07-03T10:16:55.739Z","v":0}
{"name":"dadi-publish","hostname":"Eduardos-MBP.lan","pid":37092,"level":30,"module":"router","msg":"HEAD / 200 0ms","time":"2018-07-03T10:16:57.725Z","v":0}
{"name":"dadi-publish","hostname":"Eduardos-MBP.lan","pid":37092,"level":30,"module":"router","msg":"HEAD / 200 0ms","time":"2018-07-03T10:16:59.784Z","v":0}
{"name":"dadi-publish","hostname":"Eduardos-MBP.lan","pid":37092,"level":30,"module":"router","msg":"HEAD / 200 1ms","time":"2018-07-03T10:17:01.622Z","v":0}
{"name":"dadi-publish","hostname":"Eduardos-MBP.lan","pid":37092,"level":30,"module":"router","msg":"HEAD / 200 0ms","time":"2018-07-03T10:17:03.609Z","v":0}
{"name":"dadi-publish","hostname":"Eduardos-MBP.lan","pid":37092,"level":30,"module":"router","msg":"HEAD / 200 1ms","time":"2018-07-03T10:17:05.812Z","v":0}
{"name":"dadi-publish","hostname":"Eduardos-MBP.lan","pid":37092,"level":30,"module":"router","msg":"HEAD / 200 0ms","time":"2018-07-03T10:17:07.598Z","v":0}
{"name":"dadi-publish","hostname":"Eduardos-MBP.lan","pid":37092,"level":30,"module":"router","msg":"HEAD / 200 0ms","time":"2018-07-03T10:17:09.800Z","v":0}
{"name":"dadi-publish","hostname":"Eduardos-MBP.lan","pid":37092,"level":30,"module":"router","msg":"HEAD / 200 0ms","time":"2018-07-03T10:17:11.739Z","v":0}
{"name":"dadi-publish","hostname":"Eduardos-MBP.lan","pid":37092,"level":30,"module":"router","msg":"HEAD / 200 0ms","time":"2018-07-03T10:17:13.811Z","v":0}
{"name":"dadi-publish","hostname":"Eduardos-MBP.lan","pid":37092,"level":30,"module":"router","msg":"HEAD / 200 0ms","time":"2018-07-03T10:17:15.603Z","v":0}
{"name":"dadi-publish","hostname":"Eduardos-MBP.lan","pid":37092,"level":30,"module":"router","msg":"HEAD / 200 0ms","time":"2018-07-03T10:17:17.813Z","v":0}
{"name":"dadi-publish","hostname":"Eduardos-MBP.lan","pid":37092,"level":30,"module":"router","msg":"HEAD / 200 0ms","time":"2018-07-03T10:17:19.888Z","v":0}
{"name":"dadi-publish","hostname":"Eduardos-MBP.lan","pid":37092,"level":30,"module":"router","msg":"HEAD / 200 0ms","time":"2018-07-03T10:17:21.805Z","v":0}
{"name":"dadi-publish","hostname":"Eduardos-MBP.lan","pid":37092,"level":30,"module":"router","msg":"HEAD / 200 0ms","time":"2018-07-03T10:17:23.600Z","v":0}
{"name":"dadi-publish","hostname":"Eduardos-MBP.lan","pid":37092,"level":30,"module":"router","msg":"HEAD / 200 0ms","time":"2018-07-03T10:17:25.844Z","v":0}
{"name":"dadi-publish","hostname":"Eduardos-MBP.lan","pid":37092,"level":30,"module":"router","msg":"HEAD / 200 0ms","time":"2018-07-03T10:17:27.884Z","v":0}
{"name":"dadi-publish","hostname":"Eduardos-MBP.lan","pid":37092,"level":30,"module":"router","msg":"HEAD / 200 0ms","time":"2018-07-03T10:17:29.701Z","v":0}
{"name":"dadi-publish","hostname":"Eduardos-MBP.lan","pid":37092,"level":30,"module":"router","msg":"HEAD / 200 1ms","time":"2018-07-03T10:17:31.623Z","v":0}
{"name":"dadi-publish","hostname":"Eduardos-MBP.lan","pid":37092,"level":30,"module":"router","msg":"HEAD / 200 0ms","time":"2018-07-03T10:17:33.883Z","v":0}
{"name":"dadi-publish","hostname":"Eduardos-MBP.lan","pid":37092,"level":30,"module":"router","msg":"HEAD / 200 0ms","time":"2018-07-03T10:17:35.876Z","v":0}
{"name":"dadi-publish","hostname":"Eduardos-MBP.lan","pid":37092,"level":30,"module":"router","msg":"HEAD / 200 0ms","time":"2018-07-03T10:17:37.801Z","v":0}
{"name":"dadi-publish","hostname":"Eduardos-MBP.lan","pid":37092,"level":30,"module":"router","msg":"HEAD / 200 0ms","time":"2018-07-03T10:17:39.611Z","v":0}
{"name":"dadi-publish","hostname":"Eduardos-MBP.lan","pid":37092,"level":30,"module":"router","msg":"HEAD / 200 0ms","time":"2018-07-03T10:17:41.614Z","v":0}
{"name":"dadi-publish","hostname":"Eduardos-MBP.lan","pid":37092,"level":30,"module":"router","msg":"HEAD / 200 0ms","time":"2018-07-03T10:17:43.745Z","v":0}
{"name":"dadi-publish","hostname":"Eduardos-MBP.lan","pid":37092,"level":30,"module":"router","msg":"HEAD / 200 0ms","time":"2018-07-03T10:17:45.792Z","v":0}
{"name":"dadi-publish","hostname":"Eduardos-MBP.lan","pid":37092,"level":30,"module":"router","msg":"HEAD / 200 0ms","time":"2018-07-03T10:17:47.622Z","v":0}
{"name":"dadi-publish","hostname":"Eduardos-MBP.lan","pid":37092,"level":30,"module":"router","msg":"HEAD / 200 0ms","time":"2018-07-03T10:17:49.763Z","v":0}
{"name":"dadi-publish","hostname":"Eduardos-MBP.lan","pid":37092,"level":30,"module":"router","msg":"HEAD / 200 1ms","time":"2018-07-03T10:17:51.890Z","v":0}
{"name":"dadi-publish","hostname":"Eduardos-MBP.lan","pid":37092,"level":30,"module":"router","msg":"HEAD / 200 0ms","time":"2018-07-03T10:17:53.798Z","v":0}
{"name":"dadi-publish","hostname":"Eduardos-MBP.lan","pid":37092,"level":30,"module":"router","msg":"HEAD / 200 0ms","time":"2018-07-03T10:17:55.625Z","v":0}
{"name":"dadi-publish","hostname":"Eduardos-MBP.lan","pid":37092,"level":30,"module":"router","msg":"HEAD / 200 0ms","time":"2018-07-03T10:17:57.775Z","v":0}
{"name":"dadi-publish","hostname":"Eduardos-MBP.lan","pid":37092,"level":30,"module":"router","msg":"HEAD / 200 0ms","time":"2018-07-03T10:17:59.746Z","v":0}
{"name":"dadi-publish","hostname":"Eduardos-MBP.lan","pid":37092,"level":30,"module":"router","msg":"HEAD / 200 0ms","time":"2018-07-03T10:18:01.800Z","v":0}
{"name":"dadi-publish","hostname":"Eduardos-MBP.lan","pid":37092,"level":30,"module":"router","msg":"HEAD / 200 0ms","time":"2018-07-03T10:18:03.598Z","v":0}
{"name":"dadi-publish","hostname":"Eduardos-MBP.lan","pid":37092,"level":30,"module":"router","msg":"HEAD / 200 0ms","time":"2018-07-03T10:18:05.606Z","v":0}
{"name":"dadi-publish","hostname":"Eduardos-MBP.lan","pid":37092,"level":30,"module":"router","msg":"HEAD / 200 0ms","time":"2018-07-03T10:18:07.709Z","v":0}
{"name":"dadi-publish","hostname":"Eduardos-MBP.lan","pid":37092,"level":30,"module":"router","msg":"HEAD / 200 1ms","time":"2018-07-03T10:18:09.802Z","v":0}
{"name":"dadi-publish","hostname":"Eduardos-MBP.lan","pid":37092,"level":30,"module":"router","msg":"HEAD / 200 1ms","time":"2018-07-03T10:18:11.813Z","v":0}
{"name":"dadi-publish","hostname":"Eduardos-MBP.lan","pid":37092,"level":30,"module":"router","msg":"HEAD / 200 0ms","time":"2018-07-03T10:18:13.606Z","v":0}
{"name":"dadi-publish","hostname":"Eduardos-MBP.lan","pid":37092,"level":30,"module":"router","msg":"HEAD / 200 0ms","time":"2018-07-03T10:18:15.749Z","v":0}
{"name":"dadi-publish","hostname":"Eduardos-MBP.lan","pid":37092,"level":30,"module":"router","msg":"HEAD / 200 0ms","time":"2018-07-03T10:18:17.802Z","v":0}
{"name":"dadi-publish","hostname":"Eduardos-MBP.lan","pid":37092,"level":30,"module":"router","msg":"HEAD / 200 0ms","time":"2018-07-03T10:18:19.606Z","v":0}
{"name":"dadi-publish","hostname":"Eduardos-MBP.lan","pid":37092,"level":30,"module":"router","msg":"HEAD / 200 0ms","time":"2018-07-03T10:18:21.601Z","v":0}
{"name":"dadi-publish","hostname":"Eduardos-MBP.lan","pid":37092,"level":30,"module":"router","msg":"HEAD / 200 0ms","time":"2018-07-03T10:18:23.600Z","v":0}
{"name":"dadi-publish","hostname":"Eduardos-MBP.lan","pid":37092,"level":30,"module":"router","msg":"HEAD / 200 0ms","time":"2018-07-03T10:18:25.803Z","v":0}
{"name":"dadi-publish","hostname":"Eduardos-MBP.lan","pid":37092,"level":30,"module":"router","msg":"HEAD / 200 0ms","time":"2018-07-03T10:18:27.611Z","v":0}
{"name":"dadi-publish","hostname":"Eduardos-MBP.lan","pid":37092,"level":30,"module":"router","msg":"HEAD / 200 1ms","time":"2018-07-03T10:18:29.616Z","v":0}
{"name":"dadi-publish","hostname":"Eduardos-MBP.lan","pid":37092,"level":30,"module":"router","msg":"HEAD / 200 1ms","time":"2018-07-03T10:18:31.859Z","v":0}
{"name":"dadi-publish","hostname":"Eduardos-MBP.lan","pid":37092,"level":30,"module":"router","msg":"HEAD / 200 0ms","time":"2018-07-03T10:18:33.890Z","v":0}
{"name":"dadi-publish","hostname":"Eduardos-MBP.lan","pid":37092,"level":30,"module":"router","msg":"HEAD / 200 1ms","time":"2018-07-03T10:18:35.618Z","v":0}
{"name":"dadi-publish","hostname":"Eduardos-MBP.lan","pid":37092,"level":30,"module":"router","msg":"HEAD / 200 0ms","time":"2018-07-03T10:18:37.600Z","v":0}
{"name":"dadi-publish","hostname":"Eduardos-MBP.lan","pid":37092,"level":30,"module":"router","msg":"HEAD / 200 1ms","time":"2018-07-03T10:18:39.819Z","v":0}
{"name":"dadi-publish","hostname":"Eduardos-MBP.lan","pid":37092,"level":30,"module":"router","msg":"HEAD / 200 0ms","time":"2018-07-03T10:18:41.608Z","v":0}
{"name":"dadi-publish","hostname":"Eduardos-MBP.lan","pid":37092,"level":30,"module":"router","msg":"HEAD / 200 0ms","time":"2018-07-03T10:18:43.610Z","v":0}
{"name":"dadi-publish","hostname":"Eduardos-MBP.lan","pid":37092,"level":30,"module":"router","msg":"HEAD / 200 0ms","time":"2018-07-03T10:18:45.722Z","v":0}
{"name":"dadi-publish","hostname":"Eduardos-MBP.lan","pid":37092,"level":30,"module":"router","msg":"HEAD / 200 0ms","time":"2018-07-03T10:18:47.877Z","v":0}
{"name":"dadi-publish","hostname":"Eduardos-MBP.lan","pid":37092,"level":30,"module":"router","msg":"HEAD / 200 0ms","time":"2018-07-03T10:18:49.888Z","v":0}
{"name":"dadi-publish","hostname":"Eduardos-MBP.lan","pid":37092,"level":30,"module":"router","msg":"HEAD / 200 0ms","time":"2018-07-03T10:18:51.608Z","v":0}
{"name":"dadi-publish","hostname":"Eduardos-MBP.lan","pid":37092,"level":30,"module":"router","msg":"HEAD / 200 0ms","time":"2018-07-03T10:18:53.656Z","v":0}
{"name":"dadi-publish","hostname":"Eduardos-MBP.lan","pid":37092,"level":30,"module":"router","msg":"HEAD / 200 0ms","time":"2018-07-03T10:18:55.601Z","v":0}
{"name":"dadi-publish","hostname":"Eduardos-MBP.lan","pid":37092,"level":30,"module":"router","msg":"HEAD / 200 0ms","time":"2018-07-03T10:18:57.863Z","v":0}
{"name":"dadi-publish","hostname":"Eduardos-MBP.lan","pid":37092,"level":30,"module":"router","msg":"HEAD / 200 0ms","time":"2018-07-03T10:18:59.888Z","v":0}
{"name":"dadi-publish","hostname":"Eduardos-MBP.lan","pid":37092,"level":30,"module":"router","msg":"HEAD / 200 0ms","time":"2018-07-03T10:19:01.733Z","v":0}
{"name":"dadi-publish","hostname":"Eduardos-MBP.lan","pid":37092,"level":30,"module":"router","msg":"HEAD / 200 0ms","time":"2018-07-03T10:19:03.600Z","v":0}
{"name":"dadi-publish","hostname":"Eduardos-MBP.lan","pid":37092,"level":30,"module":"router","msg":"HEAD / 200 0ms","time":"2018-07-03T10:19:05.896Z","v":0}
{"name":"dadi-publish","hostname":"Eduardos-MBP.lan","pid":37092,"level":30,"module":"router","msg":"HEAD / 200 1ms","time":"2018-07-03T10:19:07.615Z","v":0}
{"name":"dadi-publish","hostname":"Eduardos-MBP.lan","pid":37092,"level":30,"module":"router","msg":"HEAD / 200 1ms","time":"2018-07-03T10:19:09.724Z","v":0}
{"name":"dadi-publish","hostname":"Eduardos-MBP.lan","pid":37092,"level":30,"module":"router","msg":"HEAD / 200 1ms","time":"2018-07-03T10:19:11.601Z","v":0}
{"name":"dadi-publish","hostname":"Eduardos-MBP.lan","pid":37092,"level":30,"module":"router","msg":"HEAD / 200 1ms","time":"2018-07-03T10:19:13.859Z","v":0}
{"name":"dadi-publish","hostname":"Eduardos-MBP.lan","pid":37092,"level":30,"module":"router","msg":"HEAD / 200 0ms","time":"2018-07-03T10:19:15.893Z","v":0}
{"name":"dadi-publish","hostname":"Eduardos-MBP.lan","pid":37092,"level":30,"module":"router","msg":"HEAD / 200 0ms","time":"2018-07-03T10:19:17.683Z","v":0}
{"name":"dadi-publish","hostname":"Eduardos-MBP.lan","pid":37092,"level":30,"module":"router","msg":"HEAD / 200 0ms","time":"2018-07-03T10:19:19.893Z","v":0}
{"name":"dadi-publish","hostname":"Eduardos-MBP.lan","pid":37092,"level":30,"module":"router","msg":"HEAD / 200 0ms","time":"2018-07-03T10:19:21.638Z","v":0}
{"name":"dadi-publish","hostname":"Eduardos-MBP.lan","pid":37092,"level":30,"module":"router","msg":"HEAD / 200 1ms","time":"2018-07-03T10:19:23.601Z","v":0}
{"name":"dadi-publish","hostname":"Eduardos-MBP.lan","pid":37092,"level":30,"module":"router","msg":"HEAD / 200 1ms","time":"2018-07-03T10:19:25.894Z","v":0}
{"name":"dadi-publish","hostname":"Eduardos-MBP.lan","pid":37092,"level":30,"module":"router","msg":"HEAD / 200 0ms","time":"2018-07-03T10:19:27.891Z","v":0}
{"name":"dadi-publish","hostname":"Eduardos-MBP.lan","pid":37092,"level":30,"module":"router","msg":"HEAD / 200 0ms","time":"2018-07-03T10:19:29.784Z","v":0}
{"name":"dadi-publish","hostname":"Eduardos-MBP.lan","pid":37092,"level":30,"module":"router","msg":"HEAD / 200 0ms","time":"2018-07-03T10:19:31.888Z","v":0}
{"name":"dadi-publish","hostname":"Eduardos-MBP.lan","pid":37092,"level":30,"module":"router","msg":"HEAD / 200 0ms","time":"2018-07-03T10:19:33.889Z","v":0}
{"name":"dadi-publish","hostname":"Eduardos-MBP.lan","pid":37092,"level":30,"module":"router","msg":"HEAD / 200 0ms","time":"2018-07-03T10:19:35.634Z","v":0}
{"name":"dadi-publish","hostname":"Eduardos-MBP.lan","pid":37092,"level":30,"module":"router","msg":"HEAD / 200 1ms","time":"2018-07-03T10:19:37.892Z","v":0}
{"name":"dadi-publish","hostname":"Eduardos-MBP.lan","pid":37092,"level":30,"module":"router","msg":"HEAD / 200 0ms","time":"2018-07-03T10:19:39.599Z","v":0}
{"name":"dadi-publish","hostname":"Eduardos-MBP.lan","pid":37092,"level":30,"module":"router","msg":"HEAD / 200 0ms","time":"2018-07-03T10:19:41.836Z","v":0}
